This is pdfTeX, Version 3.14159265-2.6-1.40.21 (MiKTeX 2.9.7350 64-bit) (preloaded format=pdflatex 2020.5.17)  31 JAN 2022 17:52
entering extended mode
**"c:/Users/alon4/Dropbox/Labs/Lab C1/Spin Dependent Transport/TexReport/Report.tex"
("c:/Users/alon4/Dropbox/Labs/Lab C1/Spin Dependent Transport/TexReport/Report.tex"
LaTeX2e <2020-02-02> patch level 5
L3 programming layer <2020-03-06> ("C:\Program Files\MiKTeX 2.9\tex/latex/base\article.cls"
Document Class: article 2019/12/20 v1.4l Standard LaTeX document class
("C:\Program Files\MiKTeX 2.9\tex/latex/base\size10.clo"
File: size10.clo 2019/12/20 v1.4l Standard LaTeX file (size option)
)
\c@part=\count167
\c@section=\count168
\c@subsection=\count169
\c@subsubsection=\count170
\c@paragraph=\count171
\c@subparagraph=\count172
\c@figure=\count173
\c@table=\count174
\abovecaptionskip=\skip47
\belowcaptionskip=\skip48
\bibindent=\dimen134
) ("C:\Program Files\MiKTeX 2.9\tex/latex/base\fontenc.sty"
Package: fontenc 2020/02/11 v2.0o Standard LaTeX package
) ("C:\Program Files\MiKTeX 2.9\tex/latex/base\inputenc.sty"
Package: inputenc 2018/08/11 v1.3c Input encoding file
\inpenc@prehook=\toks15
\inpenc@posthook=\toks16
 ("C:\Program Files\MiKTeX 2.9\tex/latex/base\latin9.def"
File: latin9.def 2018/08/11 v1.3c Input encoding file
)) (C:\Users\alon4\AppData\Roaming\MiKTeX\2.9\tex/latex/units\units.sty
Package: units 1998/08/04 v0.9b Typesetting units
 ("C:\Program Files\MiKTeX 2.9\tex/latex/base\ifthen.sty"
Package: ifthen 2014/09/29 v1.1c Standard LaTeX ifthen package (DPC)
) (C:\Users\alon4\AppData\Roaming\MiKTeX\2.9\tex/latex/units\nicefrac.sty
Package: nicefrac 1998/08/04 v0.9b Nice fractions
\L@UnitsRaiseDisplaystyle=\skip49
\L@UnitsRaiseTextstyle=\skip50
\L@UnitsRaiseScriptstyle=\skip51
)) ("C:\Program Files\MiKTeX 2.9\tex/latex/amsfonts\amssymb.sty"
Package: amssymb 2013/01/14 v3.01 AMS font symbols
 ("C:\Program Files\MiKTeX 2.9\tex/latex/amsfonts\amsfonts.sty"
Package: amsfonts 2013/01/14 v3.01 Basic AMSFonts support
\@emptytoks=\toks17
\symAMSa=\mathgroup4
\symAMSb=\mathgroup5
LaTeX Font Info:    Redeclaring math symbol \hbar on input line 98.
LaTeX Font Info:    Overwriting math alphabet `\mathfrak' in version `bold'
(Font)                  U/euf/m/n --> U/euf/b/n on input line 106.
)) ("C:\Program Files\MiKTeX 2.9\tex/latex/graphics\graphicx.sty"
Package: graphicx 2019/11/30 v1.2a Enhanced LaTeX Graphics (DPC,SPQR)
 ("C:\Program Files\MiKTeX 2.9\tex/latex/graphics\keyval.sty"
Package: keyval 2014/10/28 v1.15 key=value parser (DPC)
\KV@toks@=\toks18
) ("C:\Program Files\MiKTeX 2.9\tex/latex/graphics\graphics.sty"
Package: graphics 2019/11/30 v1.4a Standard LaTeX Graphics (DPC,SPQR)
 ("C:\Program Files\MiKTeX 2.9\tex/latex/graphics\trig.sty"
Package: trig 2016/01/03 v1.10 sin cos tan (DPC)
) ("C:\Program Files\MiKTeX 2.9\tex/latex/graphics-cfg\graphics.cfg"
File: graphics.cfg 2016/06/04 v1.11 sample graphics configuration
)
Package graphics Info: Driver file: pdftex.def on input line 105.
 ("C:\Program Files\MiKTeX 2.9\tex/latex/graphics-def\pdftex.def"
File: pdftex.def 2018/01/08 v1.0l Graphics/color driver for pdftex
))
\Gin@req@height=\dimen135
\Gin@req@width=\dimen136
) ("C:\Program Files\MiKTeX 2.9\tex/latex/tools\dcolumn.sty"
Package: dcolumn 2014/10/28 v1.06 decimal alignment package (DPC)
 ("C:\Program Files\MiKTeX 2.9\tex/latex/tools\array.sty"
Package: array 2019/08/31 v2.4l Tabular extension package (FMi)
\col@sep=\dimen137
\ar@mcellbox=\box45
\extrarowheight=\dimen138
\NC@list=\toks19
\extratabsurround=\skip52
\backup@length=\skip53
\ar@cellbox=\box46
)) ("C:\Program Files\MiKTeX 2.9\tex/latex/tools\bm.sty"
Package: bm 2019/07/24 v1.2d Bold Symbol Support (DPC/FMi)
\symboldoperators=\mathgroup6
\symboldletters=\mathgroup7
\symboldsymbols=\mathgroup8
LaTeX Font Info:    Redeclaring math alphabet \mathbf on input line 141.
LaTeX Info: Redefining \bm on input line 209.
) ("C:\Program Files\MiKTeX 2.9\tex/latex/amsmath\amsmath.sty"
Package: amsmath 2020/01/20 v2.17e AMS math features
\@mathmargin=\skip54

For additional information on amsmath, use the `?' option.
("C:\Program Files\MiKTeX 2.9\tex/latex/amsmath\amstext.sty"
Package: amstext 2000/06/29 v2.01 AMS text
 ("C:\Program Files\MiKTeX 2.9\tex/latex/amsmath\amsgen.sty"
File: amsgen.sty 1999/11/30 v2.0 generic functions
\@emptytoks=\toks20
\ex@=\dimen139
)) ("C:\Program Files\MiKTeX 2.9\tex/latex/amsmath\amsbsy.sty"
Package: amsbsy 1999/11/29 v1.2d Bold Symbols
LaTeX Info: Redefining \boldsymbol on input line 28.
\pmbraise@=\dimen140
) ("C:\Program Files\MiKTeX 2.9\tex/latex/amsmath\amsopn.sty"
Package: amsopn 2016/03/08 v2.02 operator names
)
\inf@bad=\count175
LaTeX Info: Redefining \frac on input line 227.
\uproot@=\count176
\leftroot@=\count177
LaTeX Info: Redefining \overline on input line 389.
\classnum@=\count178
\DOTSCASE@=\count179
LaTeX Info: Redefining \ldots on input line 486.
LaTeX Info: Redefining \dots on input line 489.
LaTeX Info: Redefining \cdots on input line 610.
\Mathstrutbox@=\box47
\strutbox@=\box48
\big@size=\dimen141
LaTeX Font Info:    Redeclaring font encoding OML on input line 733.
LaTeX Font Info:    Redeclaring font encoding OMS on input line 734.
\macc@depth=\count180
\c@MaxMatrixCols=\count181
\dotsspace@=\muskip16
\c@parentequation=\count182
\dspbrk@lvl=\count183
\tag@help=\toks21
\row@=\count184
\column@=\count185
\maxfields@=\count186
\andhelp@=\toks22
\eqnshift@=\dimen142
\alignsep@=\dimen143
\tagshift@=\dimen144
\tagwidth@=\dimen145
\totwidth@=\dimen146
\lineht@=\dimen147
\@envbody=\toks23
\multlinegap=\skip55
\multlinetaggap=\skip56
\mathdisplay@stack=\toks24
LaTeX Info: Redefining \[ on input line 2859.
LaTeX Info: Redefining \] on input line 2860.
) (C:\Users\alon4\AppData\Roaming\MiKTeX\2.9\tex/latex/natbib\natbib.sty
Package: natbib 2010/09/13 8.31b (PWD, AO)
\bibhang=\skip57
\bibsep=\skip58
LaTeX Info: Redefining \cite on input line 694.
\c@NAT@ctr=\count187
) (C:\Users\alon4\AppData\Roaming\MiKTeX\2.9\tex/latex/chngcntr\chngcntr.sty
Package: chngcntr 2018/04/09 v1.1a change counter resetting
Package chngcntr Info: \counterwithout already defined.
(chngcntr)             Quitting chngcntr on input line 21.
) ("C:\Program Files\MiKTeX 2.9\tex/latex/url\url.sty"
\Urlmuskip=\muskip17
Package: url 2013/09/16  ver 3.4  Verb mode for urls, etc.
) (C:\Users\alon4\AppData\Roaming\MiKTeX\2.9\tex/latex/float\float.sty
Package: float 2001/11/08 v1.3d Float enhancements (AL)
\c@float@type=\count188
\float@exts=\toks25
\float@box=\box49
\@float@everytoks=\toks26
\@floatcapt=\box50
) (C:\Users\alon4\AppData\Roaming\MiKTeX\2.9\tex/latex/fourier\fourier.sty
Package: fourier 2020/03/03 2.2 fourier-GUTenberg package
 ("C:\Program Files\MiKTeX 2.9\tex/generic/iftex\iftex.sty"
Package: iftex 2020/03/06 v1.0d TeX engine tests
)
Now handling font encoding FML ...
... no UTF-8 mapping file for font encoding FML
Now handling font encoding FMS ...
... no UTF-8 mapping file for font encoding FMS
Now handling font encoding FMX ...
... no UTF-8 mapping file for font encoding FMX
 ("C:\Program Files\MiKTeX 2.9\tex/latex/base\fontenc.sty"
Package: fontenc 2020/02/11 v2.0o Standard LaTeX package
LaTeX Font Info:    Trying to load font information for T1+futs on input line 112.
 (C:\Users\alon4\AppData\Roaming\MiKTeX\2.9\tex/latex/fourier\t1futs.fd
File: t1futs.fd 2004/03/02 Fontinst v1.926 font definitions for T1/futs.
)) ("C:\Program Files\MiKTeX 2.9\tex/latex/base\textcomp.sty"
Package: textcomp 2020/02/02 v2.0n Standard LaTeX package
) (C:\Users\alon4\AppData\Roaming\MiKTeX\2.9\tex/latex/fourier\fourier-orns.sty
Package: fourier-orns 2020/03/03 2.2 fourier-ornaments package
)
LaTeX Font Info:    Redeclaring symbol font `operators' on input line 63.
LaTeX Font Info:    Encoding `OT1' has changed to `T1' for symbol font
(Font)              `operators' in the math version `normal' on input line 63.
LaTeX Font Info:    Overwriting symbol font `operators' in version `normal'
(Font)                  OT1/cmr/m/n --> T1/futs/m/n on input line 63.
LaTeX Font Info:    Encoding `OT1' has changed to `T1' for symbol font
(Font)              `operators' in the math version `bold' on input line 63.
LaTeX Font Info:    Overwriting symbol font `operators' in version `bold'
(Font)                  OT1/cmr/bx/n --> T1/futs/m/n on input line 63.
LaTeX Font Info:    Overwriting symbol font `operators' in version `bold'
(Font)                  T1/futs/m/n --> T1/futs/b/n on input line 64.
LaTeX Font Info:    Redeclaring symbol font `letters' on input line 72.
LaTeX Font Info:    Encoding `OML' has changed to `FML' for symbol font
(Font)              `letters' in the math version `normal' on input line 72.
LaTeX Font Info:    Overwriting symbol font `letters' in version `normal'
(Font)                  OML/cmm/m/it --> FML/futmi/m/it on input line 72.
LaTeX Font Info:    Encoding `OML' has changed to `FML' for symbol font
(Font)              `letters' in the math version `bold' on input line 72.
LaTeX Font Info:    Overwriting symbol font `letters' in version `bold'
(Font)                  OML/cmm/b/it --> FML/futmi/m/it on input line 72.
\symotherletters=\mathgroup9
LaTeX Font Info:    Overwriting symbol font `letters' in version `bold'
(Font)                  FML/futmi/m/it --> FML/futmi/b/it on input line 74.
LaTeX Font Info:    Overwriting symbol font `otherletters' in version `bold'
(Font)                  FML/futm/m/it --> FML/futm/b/it on input line 75.
LaTeX Font Info:    Redeclaring math symbol \Gamma on input line 76.
LaTeX Font Info:    Redeclaring math symbol \Delta on input line 77.
LaTeX Font Info:    Redeclaring math symbol \Theta on input line 78.
LaTeX Font Info:    Redeclaring math symbol \Lambda on input line 79.
LaTeX Font Info:    Redeclaring math symbol \Xi on input line 80.
LaTeX Font Info:    Redeclaring math symbol \Pi on input line 81.
LaTeX Font Info:    Redeclaring math symbol \Sigma on input line 82.
LaTeX Font Info:    Redeclaring math symbol \Upsilon on input line 83.
LaTeX Font Info:    Redeclaring math symbol \Phi on input line 84.
LaTeX Font Info:    Redeclaring math symbol \Psi on input line 85.
LaTeX Font Info:    Redeclaring math symbol \Omega on input line 86.
LaTeX Font Info:    Redeclaring symbol font `symbols' on input line 126.
LaTeX Font Info:    Encoding `OMS' has changed to `FMS' for symbol font
(Font)              `symbols' in the math version `normal' on input line 126.
LaTeX Font Info:    Overwriting symbol font `symbols' in version `normal'
(Font)                  OMS/cmsy/m/n --> FMS/futm/m/n on input line 126.
LaTeX Font Info:    Encoding `OMS' has changed to `FMS' for symbol font
(Font)              `symbols' in the math version `bold' on input line 126.
LaTeX Font Info:    Overwriting symbol font `symbols' in version `bold'
(Font)                  OMS/cmsy/b/n --> FMS/futm/m/n on input line 126.
LaTeX Font Info:    Redeclaring symbol font `largesymbols' on input line 127.
LaTeX Font Info:    Encoding `OMX' has changed to `FMX' for symbol font
(Font)              `largesymbols' in the math version `normal' on input line 127.
LaTeX Font Info:    Overwriting symbol font `largesymbols' in version `normal'
(Font)                  OMX/cmex/m/n --> FMX/futm/m/n on input line 127.
LaTeX Font Info:    Encoding `OMX' has changed to `FMX' for symbol font
(Font)              `largesymbols' in the math version `bold' on input line 127.
LaTeX Font Info:    Overwriting symbol font `largesymbols' in version `bold'
(Font)                  OMX/cmex/m/n --> FMX/futm/m/n on input line 127.
LaTeX Font Info:    Redeclaring math alphabet \mathbf on input line 128.
LaTeX Font Info:    Redeclaring math alphabet \mathrm on input line 129.
LaTeX Font Info:    Redeclaring math alphabet \mathit on input line 130.
LaTeX Font Info:    Overwriting math alphabet `\mathit' in version `normal'
(Font)                  OT1/cmr/m/it --> T1/futs/m/it on input line 130.
LaTeX Font Info:    Overwriting math alphabet `\mathit' in version `bold'
(Font)                  OT1/cmr/bx/it --> T1/futs/m/it on input line 130.
LaTeX Font Info:    Redeclaring math alphabet \mathcal on input line 131.
LaTeX Font Info:    Redeclaring math symbol \varkappa on input line 132.
LaTeX Font Info:    Redeclaring math symbol \leqslant on input line 138.
LaTeX Font Info:    Redeclaring math symbol \geqslant on input line 139.
LaTeX Font Info:    Redeclaring math symbol \vDash on input line 142.
LaTeX Font Info:    Redeclaring math symbol \blacktriangleleft on input line 143.
LaTeX Font Info:    Redeclaring math symbol \blacktriangleright on input line 144.
LaTeX Font Info:    Redeclaring math symbol \nleqslant on input line 145.
LaTeX Font Info:    Redeclaring math symbol \ngeqslant on input line 146.
LaTeX Font Info:    Redeclaring math symbol \parallel on input line 147.
LaTeX Font Info:    Redeclaring math symbol \nparallel on input line 148.
LaTeX Font Info:    Redeclaring math symbol \nvDash on input line 150.
LaTeX Font Info:    Redeclaring math symbol \intercal on input line 151.
LaTeX Font Info:    Redeclaring math symbol \hslash on input line 152.
LaTeX Font Info:    Redeclaring math symbol \nexists on input line 153.
LaTeX Font Info:    Redeclaring math symbol \complement on input line 154.
LaTeX Font Info:    Redeclaring math symbol \varsubsetneq on input line 155.
LaTeX Font Info:    Redeclaring math symbol \hbar on input line 161.
LaTeX Font Info:    Redeclaring math symbol \smallsetminus on input line 162.
LaTeX Font Info:    Redeclaring math symbol \subsetneqq on input line 163.
LaTeX Font Info:    Redeclaring math symbol \rightrightarrows on input line 164.
LaTeX Font Info:    Redeclaring math symbol \leftleftarrows on input line 165.
LaTeX Font Info:    Redeclaring math symbol \square on input line 166.
LaTeX Font Info:    Redeclaring math symbol \curvearrowleft on input line 167.
LaTeX Font Info:    Redeclaring math symbol \curvearrowright on input line 168.
LaTeX Font Info:    Redeclaring math symbol \blacksquare on input line 169.
LaTeX Font Info:    Redeclaring math symbol \varkappa on input line 199.
LaTeX Font Info:    Redeclaring math symbol \varvarrho on input line 200.
LaTeX Font Info:    Redeclaring math delimiter \Vert on input line 223.
LaTeX Font Info:    Redeclaring math delimiter \vert on input line 228.
LaTeX Font Info:    Redeclaring math delimiter \lvert on input line 230.
LaTeX Font Info:    Redeclaring math delimiter \rvert on input line 232.
LaTeX Font Info:    Redeclaring math delimiter \lVert on input line 234.
LaTeX Font Info:    Redeclaring math delimiter \rVert on input line 236.
LaTeX Font Info:    Redeclaring math delimiter \Downarrow on input line 238.
LaTeX Font Info:    Redeclaring math delimiter \backslash on input line 240.
LaTeX Font Info:    Redeclaring math delimiter \rangle on input line 242.
LaTeX Font Info:    Redeclaring math delimiter \langle on input line 244.
LaTeX Font Info:    Redeclaring math delimiter \rbrace on input line 246.
LaTeX Font Info:    Redeclaring math delimiter \lbrace on input line 248.
LaTeX Font Info:    Redeclaring math delimiter \rceil on input line 250.
LaTeX Font Info:    Redeclaring math delimiter \lceil on input line 252.
LaTeX Font Info:    Redeclaring math delimiter \rfloor on input line 254.
LaTeX Font Info:    Redeclaring math delimiter \lfloor on input line 256.
LaTeX Font Info:    Redeclaring math accent \acute on input line 260.
LaTeX Font Info:    Redeclaring math accent \grave on input line 261.
LaTeX Font Info:    Redeclaring math accent \ddot on input line 262.
LaTeX Font Info:    Redeclaring math accent \tilde on input line 263.
LaTeX Font Info:    Redeclaring math accent \bar on input line 264.
LaTeX Font Info:    Redeclaring math accent \breve on input line 265.
LaTeX Font Info:    Redeclaring math accent \check on input line 266.
LaTeX Font Info:    Redeclaring math accent \hat on input line 267.
LaTeX Font Info:    Redeclaring math accent \dot on input line 268.
LaTeX Font Info:    Redeclaring math accent \mathring on input line 269.
\symUfutm=\mathgroup10
) (C:\Users\alon4\AppData\Roaming\MiKTeX\2.9\tex/latex/makecell\makecell.sty
Package: makecell 2009/08/03 V0.1e Managing of Tab Column Heads and Cells
\rotheadsize=\dimen148
\c@nlinenum=\count189
\TeXr@lab=\toks27
) (C:\Users\alon4\AppData\Roaming\MiKTeX\2.9\tex/latex/background\background.sty
Package: background 2014/03/04 v2.1 background material
 ("C:\Program Files\MiKTeX 2.9\tex/latex/xkeyval\xkeyval.sty"
Package: xkeyval 2014/12/03 v2.7a package option processing (HA)
 ("C:\Program Files\MiKTeX 2.9\tex/generic/xkeyval\xkeyval.tex" ("C:\Program Files\MiKTeX 2.9\tex/generic/xkeyval\xkvutils.tex"
\XKV@toks=\toks28
\XKV@tempa@toks=\toks29
)
\XKV@depth=\count190
File: xkeyval.tex 2014/12/03 v2.7a key=value parser (HA)
)) ("C:\Program Files\MiKTeX 2.9\tex/latex/pgf/frontendlayer\tikz.sty" ("C:\Program Files\MiKTeX 2.9\tex/latex/pgf/basiclayer\pgf.sty" ("C:\Program Files\MiKTeX 2.9\tex/latex/pgf/utilities\pgfrcs.sty" ("C:\Program Files\MiKTeX 2.9\tex/generic/pgf/utilities\pgfutil-common.tex"
\pgfutil@everybye=\toks30
\pgfutil@tempdima=\dimen149
\pgfutil@tempdimb=\dimen150
 ("C:\Program Files\MiKTeX 2.9\tex/generic/pgf/utilities\pgfutil-common-lists.tex")) ("C:\Program Files\MiKTeX 2.9\tex/generic/pgf/utilities\pgfutil-latex.def"
\pgfutil@abb=\box51
 ("C:\Program Files\MiKTeX 2.9\tex/latex/ms\everyshi.sty"
Package: everyshi 2001/05/15 v3.00 EveryShipout Package (MS)
)) ("C:\Program Files\MiKTeX 2.9\tex/generic/pgf/utilities\pgfrcs.code.tex" ("C:\Program Files\MiKTeX 2.9\tex/generic/pgf\pgf.revision.tex")
Package: pgfrcs 2020/01/08 v3.1.5b (3.1.5b)
))
Package: pgf 2020/01/08 v3.1.5b (3.1.5b)
 ("C:\Program Files\MiKTeX 2.9\tex/latex/pgf/basiclayer\pgfcore.sty" ("C:\Program Files\MiKTeX 2.9\tex/latex/pgf/systemlayer\pgfsys.sty" ("C:\Program Files\MiKTeX 2.9\tex/generic/pgf/systemlayer\pgfsys.code.tex"
Package: pgfsys 2020/01/08 v3.1.5b (3.1.5b)
 ("C:\Program Files\MiKTeX 2.9\tex/generic/pgf/utilities\pgfkeys.code.tex"
\pgfkeys@pathtoks=\toks31
\pgfkeys@temptoks=\toks32
 ("C:\Program Files\MiKTeX 2.9\tex/generic/pgf/utilities\pgfkeysfiltered.code.tex"
\pgfkeys@tmptoks=\toks33
))
\pgf@x=\dimen151
\pgf@y=\dimen152
\pgf@xa=\dimen153
\pgf@ya=\dimen154
\pgf@xb=\dimen155
\pgf@yb=\dimen156
\pgf@xc=\dimen157
\pgf@yc=\dimen158
\pgf@xd=\dimen159
\pgf@yd=\dimen160
\w@pgf@writea=\write3
\r@pgf@reada=\read2
\c@pgf@counta=\count191
\c@pgf@countb=\count192
\c@pgf@countc=\count193
\c@pgf@countd=\count194
\t@pgf@toka=\toks34
\t@pgf@tokb=\toks35
\t@pgf@tokc=\toks36
\pgf@sys@id@count=\count195
 ("C:\Program Files\MiKTeX 2.9\tex/generic/pgf/systemlayer\pgf.cfg"
File: pgf.cfg 2020/01/08 v3.1.5b (3.1.5b)
)
Driver file for pgf: pgfsys-pdftex.def
 ("C:\Program Files\MiKTeX 2.9\tex/generic/pgf/systemlayer\pgfsys-pdftex.def"
File: pgfsys-pdftex.def 2020/01/08 v3.1.5b (3.1.5b)
 ("C:\Program Files\MiKTeX 2.9\tex/generic/pgf/systemlayer\pgfsys-common-pdf.def"
File: pgfsys-common-pdf.def 2020/01/08 v3.1.5b (3.1.5b)
))) ("C:\Program Files\MiKTeX 2.9\tex/generic/pgf/systemlayer\pgfsyssoftpath.code.tex"
File: pgfsyssoftpath.code.tex 2020/01/08 v3.1.5b (3.1.5b)
\pgfsyssoftpath@smallbuffer@items=\count196
\pgfsyssoftpath@bigbuffer@items=\count197
) ("C:\Program Files\MiKTeX 2.9\tex/generic/pgf/systemlayer\pgfsysprotocol.code.tex"
File: pgfsysprotocol.code.tex 2020/01/08 v3.1.5b (3.1.5b)
)) ("C:\Program Files\MiKTeX 2.9\tex/latex/xcolor\xcolor.sty"
Package: xcolor 2016/05/11 v2.12 LaTeX color extensions (UK)
 ("C:\Program Files\MiKTeX 2.9\tex/latex/graphics-cfg\color.cfg"
File: color.cfg 2016/01/02 v1.6 sample color configuration
)
Package xcolor Info: Driver file: pdftex.def on input line 225.
Package xcolor Info: Model `cmy' substituted by `cmy0' on input line 1348.
Package xcolor Info: Model `hsb' substituted by `rgb' on input line 1352.
Package xcolor Info: Model `RGB' extended on input line 1364.
Package xcolor Info: Model `HTML' substituted by `rgb' on input line 1366.
Package xcolor Info: Model `Hsb' substituted by `hsb' on input line 1367.
Package xcolor Info: Model `tHsb' substituted by `hsb' on input line 1368.
Package xcolor Info: Model `HSB' substituted by `hsb' on input line 1369.
Package xcolor Info: Model `Gray' substituted by `gray' on input line 1370.
Package xcolor Info: Model `wave' substituted by `hsb' on input line 1371.
) ("C:\Program Files\MiKTeX 2.9\tex/generic/pgf/basiclayer\pgfcore.code.tex"
Package: pgfcore 2020/01/08 v3.1.5b (3.1.5b)
 ("C:\Program Files\MiKTeX 2.9\tex/generic/pgf/math\pgfmath.code.tex" ("C:\Program Files\MiKTeX 2.9\tex/generic/pgf/math\pgfmathcalc.code.tex" ("C:\Program Files\MiKTeX 2.9\tex/generic/pgf/math\pgfmathutil.code.tex") ("C:\Program Files\MiKTeX 2.9\tex/generic/pgf/math\pgfmathparser.code.tex"
\pgfmath@dimen=\dimen161
\pgfmath@count=\count198
\pgfmath@box=\box52
\pgfmath@toks=\toks37
\pgfmath@stack@operand=\toks38
\pgfmath@stack@operation=\toks39
) ("C:\Program Files\MiKTeX 2.9\tex/generic/pgf/math\pgfmathfunctions.code.tex" ("C:\Program Files\MiKTeX 2.9\tex/generic/pgf/math\pgfmathfunctions.basic.code.tex") ("C:\Program Files\MiKTeX 2.9\tex/generic/pgf/math\pgfmathfunctions.trigonometric.code.tex") ("C:\Program Files\MiKTeX 2.9\tex/generic/pgf/math\pgfmathfunctions.random.code.tex") ("C:\Program Files\MiKTeX 2.9\tex/generic/pgf/math\pgfmathfunctions.comparison.code.tex") ("C:\Program Files\MiKTeX 2.9\tex/generic/pgf/math\pgfmathfunctions.base.code.tex") ("C:\Program Files\MiKTeX 2.9\tex/generic/pgf/math\pgfmathfunctions.round.code.tex") ("C:\Program Files\MiKTeX 2.9\tex/generic/pgf/math\pgfmathfunctions.misc.code.tex") ("C:\Program Files\MiKTeX 2.9\tex/generic/pgf/math\pgfmathfunctions.integerarithmetics.code.tex"))) ("C:\Program Files\MiKTeX 2.9\tex/generic/pgf/math\pgfmathfloat.code.tex"
\c@pgfmathroundto@lastzeros=\count199
)) ("C:\Program Files\MiKTeX 2.9\tex/generic/pgf/math\pgfint.code.tex") ("C:\Program Files\MiKTeX 2.9\tex/generic/pgf/basiclayer\pgfcorepoints.code.tex"
File: pgfcorepoints.code.tex 2020/01/08 v3.1.5b (3.1.5b)
\pgf@picminx=\dimen162
\pgf@picmaxx=\dimen163
\pgf@picminy=\dimen164
\pgf@picmaxy=\dimen165
\pgf@pathminx=\dimen166
\pgf@pathmaxx=\dimen167
\pgf@pathminy=\dimen168
\pgf@pathmaxy=\dimen169
\pgf@xx=\dimen170
\pgf@xy=\dimen171
\pgf@yx=\dimen172
\pgf@yy=\dimen173
\pgf@zx=\dimen174
\pgf@zy=\dimen175
) ("C:\Program Files\MiKTeX 2.9\tex/generic/pgf/basiclayer\pgfcorepathconstruct.code.tex"
File: pgfcorepathconstruct.code.tex 2020/01/08 v3.1.5b (3.1.5b)
\pgf@path@lastx=\dimen176
\pgf@path@lasty=\dimen177
) ("C:\Program Files\MiKTeX 2.9\tex/generic/pgf/basiclayer\pgfcorepathusage.code.tex"
File: pgfcorepathusage.code.tex 2020/01/08 v3.1.5b (3.1.5b)
\pgf@shorten@end@additional=\dimen178
\pgf@shorten@start@additional=\dimen179
) ("C:\Program Files\MiKTeX 2.9\tex/generic/pgf/basiclayer\pgfcorescopes.code.tex"
File: pgfcorescopes.code.tex 2020/01/08 v3.1.5b (3.1.5b)
\pgfpic=\box53
\pgf@hbox=\box54
\pgf@layerbox@main=\box55
\pgf@picture@serial@count=\count266
) ("C:\Program Files\MiKTeX 2.9\tex/generic/pgf/basiclayer\pgfcoregraphicstate.code.tex"
File: pgfcoregraphicstate.code.tex 2020/01/08 v3.1.5b (3.1.5b)
\pgflinewidth=\dimen180
) ("C:\Program Files\MiKTeX 2.9\tex/generic/pgf/basiclayer\pgfcoretransformations.code.tex"
File: pgfcoretransformations.code.tex 2020/01/08 v3.1.5b (3.1.5b)
\pgf@pt@x=\dimen181
\pgf@pt@y=\dimen182
\pgf@pt@temp=\dimen183
) ("C:\Program Files\MiKTeX 2.9\tex/generic/pgf/basiclayer\pgfcorequick.code.tex"
File: pgfcorequick.code.tex 2020/01/08 v3.1.5b (3.1.5b)
) ("C:\Program Files\MiKTeX 2.9\tex/generic/pgf/basiclayer\pgfcoreobjects.code.tex"
File: pgfcoreobjects.code.tex 2020/01/08 v3.1.5b (3.1.5b)
) ("C:\Program Files\MiKTeX 2.9\tex/generic/pgf/basiclayer\pgfcorepathprocessing.code.tex"
File: pgfcorepathprocessing.code.tex 2020/01/08 v3.1.5b (3.1.5b)
) ("C:\Program Files\MiKTeX 2.9\tex/generic/pgf/basiclayer\pgfcorearrows.code.tex"
File: pgfcorearrows.code.tex 2020/01/08 v3.1.5b (3.1.5b)
\pgfarrowsep=\dimen184
) ("C:\Program Files\MiKTeX 2.9\tex/generic/pgf/basiclayer\pgfcoreshade.code.tex"
File: pgfcoreshade.code.tex 2020/01/08 v3.1.5b (3.1.5b)
\pgf@max=\dimen185
\pgf@sys@shading@range@num=\count267
\pgf@shadingcount=\count268
) ("C:\Program Files\MiKTeX 2.9\tex/generic/pgf/basiclayer\pgfcoreimage.code.tex"
File: pgfcoreimage.code.tex 2020/01/08 v3.1.5b (3.1.5b)
 ("C:\Program Files\MiKTeX 2.9\tex/generic/pgf/basiclayer\pgfcoreexternal.code.tex"
File: pgfcoreexternal.code.tex 2020/01/08 v3.1.5b (3.1.5b)
\pgfexternal@startupbox=\box56
)) ("C:\Program Files\MiKTeX 2.9\tex/generic/pgf/basiclayer\pgfcorelayers.code.tex"
File: pgfcorelayers.code.tex 2020/01/08 v3.1.5b (3.1.5b)
) ("C:\Program Files\MiKTeX 2.9\tex/generic/pgf/basiclayer\pgfcoretransparency.code.tex"
File: pgfcoretransparency.code.tex 2020/01/08 v3.1.5b (3.1.5b)
) ("C:\Program Files\MiKTeX 2.9\tex/generic/pgf/basiclayer\pgfcorepatterns.code.tex"
File: pgfcorepatterns.code.tex 2020/01/08 v3.1.5b (3.1.5b)
) ("C:\Program Files\MiKTeX 2.9\tex/generic/pgf/basiclayer\pgfcorerdf.code.tex"
File: pgfcorerdf.code.tex 2020/01/08 v3.1.5b (3.1.5b)
))) ("C:\Program Files\MiKTeX 2.9\tex/generic/pgf/modules\pgfmoduleshapes.code.tex"
File: pgfmoduleshapes.code.tex 2020/01/08 v3.1.5b (3.1.5b)
\pgfnodeparttextbox=\box57
) ("C:\Program Files\MiKTeX 2.9\tex/generic/pgf/modules\pgfmoduleplot.code.tex"
File: pgfmoduleplot.code.tex 2020/01/08 v3.1.5b (3.1.5b)
) ("C:\Program Files\MiKTeX 2.9\tex/latex/pgf/compatibility\pgfcomp-version-0-65.sty"
Package: pgfcomp-version-0-65 2020/01/08 v3.1.5b (3.1.5b)
\pgf@nodesepstart=\dimen186
\pgf@nodesepend=\dimen187
) ("C:\Program Files\MiKTeX 2.9\tex/latex/pgf/compatibility\pgfcomp-version-1-18.sty"
Package: pgfcomp-version-1-18 2020/01/08 v3.1.5b (3.1.5b)
)) ("C:\Program Files\MiKTeX 2.9\tex/latex/pgf/utilities\pgffor.sty" ("C:\Program Files\MiKTeX 2.9\tex/latex/pgf/utilities\pgfkeys.sty" ("C:\Program Files\MiKTeX 2.9\tex/generic/pgf/utilities\pgfkeys.code.tex")) ("C:\Program Files\MiKTeX 2.9\tex/latex/pgf/math\pgfmath.sty" ("C:\Program Files\MiKTeX 2.9\tex/generic/pgf/math\pgfmath.code.tex")) ("C:\Program Files\MiKTeX 2.9\tex/generic/pgf/utilities\pgffor.code.tex"
Package: pgffor 2020/01/08 v3.1.5b (3.1.5b)
 ("C:\Program Files\MiKTeX 2.9\tex/generic/pgf/math\pgfmath.code.tex")
\pgffor@iter=\dimen188
\pgffor@skip=\dimen189
\pgffor@stack=\toks40
\pgffor@toks=\toks41
)) ("C:\Program Files\MiKTeX 2.9\tex/generic/pgf/frontendlayer/tikz\tikz.code.tex"
Package: tikz 2020/01/08 v3.1.5b (3.1.5b)
 ("C:\Program Files\MiKTeX 2.9\tex/generic/pgf/libraries\pgflibraryplothandlers.code.tex"
File: pgflibraryplothandlers.code.tex 2020/01/08 v3.1.5b (3.1.5b)
\pgf@plot@mark@count=\count269
\pgfplotmarksize=\dimen190
)
\tikz@lastx=\dimen191
\tikz@lasty=\dimen192
\tikz@lastxsaved=\dimen193
\tikz@lastysaved=\dimen194
\tikz@lastmovetox=\dimen195
\tikz@lastmovetoy=\dimen196
\tikzleveldistance=\dimen197
\tikzsiblingdistance=\dimen198
\tikz@figbox=\box58
\tikz@figbox@bg=\box59
\tikz@tempbox=\box60
\tikz@tempbox@bg=\box61
\tikztreelevel=\count270
\tikznumberofchildren=\count271
\tikznumberofcurrentchild=\count272
\tikz@fig@count=\count273
 ("C:\Program Files\MiKTeX 2.9\tex/generic/pgf/modules\pgfmodulematrix.code.tex"
File: pgfmodulematrix.code.tex 2020/01/08 v3.1.5b (3.1.5b)
\pgfmatrixcurrentrow=\count274
\pgfmatrixcurrentcolumn=\count275
\pgf@matrix@numberofcolumns=\count276
)
\tikz@expandcount=\count277
 ("C:\Program Files\MiKTeX 2.9\tex/generic/pgf/frontendlayer/tikz/libraries\tikzlibrarytopaths.code.tex"
File: tikzlibrarytopaths.code.tex 2020/01/08 v3.1.5b (3.1.5b)
))) (C:\Users\alon4\AppData\Roaming\MiKTeX\2.9\tex/latex/everypage\everypage.sty
Package: everypage 2020/10/17 R2.0b Hooks to run on every page


Package everypage Warning: Functionality similar to this package has recently
(everypage)                been implemented in LaTeX. This package is now in
(everypage)                legacy status.
(everypage)                Please, don't use it in new documents and packages.


Package everypage Warning: You appear to be running a version of LaTeX
(everypage)                too old to provide the new functionality.
(everypage)                Forcing fallback to `everypage-1x` that
(everypage)                uses an older code base.

(C:\Users\alon4\AppData\Roaming\MiKTeX\2.9\tex/latex/everypage\everypage-1x.sty
Package: everypage-1x 2020/10/10 1.2 Hooks to run on every page
)) ("C:\Program Files\MiKTeX 2.9\tex/latex/tools\afterpage.sty"
Package: afterpage 2014/10/28 v1.08 After-Page Package (DPC)
\AP@output=\toks42
\AP@partial=\box62
\AP@footins=\box63
)) ("C:\Program Files\MiKTeX 2.9\tex/generic/babel\babel.sty"
Package: babel 2020/02/28 3.41 The Babel package
 ("C:\Program Files\MiKTeX 2.9\tex/generic/babel\switch.def"
File: switch.def 2020/02/28 3.41 Babel switching mechanism
)
*************************************
* Local config file bblopts.cfg used
*
("C:\Program Files\MiKTeX 2.9\tex/latex/arabi\bblopts.cfg"
File: bblopts.cfg 2005/09/08 v0.1 add Arabic and Farsi to "declared" options of babel
) ("C:\Program Files\MiKTeX 2.9\tex/latex/babel-english\english.ldf"
Language: english 2017/06/06 v3.3r English support from the babel system
 ("C:\Program Files\MiKTeX 2.9\tex/generic/babel\babel.def"
File: babel.def 2020/02/28 3.41 Babel common definitions
\babel@savecnt=\count278
\U@D=\dimen199
 ("C:\Program Files\MiKTeX 2.9\tex/generic/babel\txtbabel.def")
\bbl@readstream=\read3
\bbl@dirlevel=\count279
)
Package babel Info: \l@canadian = using hyphenrules for english
(babel)             (\language0) on input line 102.
Package babel Info: \l@australian = using hyphenrules for ukenglish
(babel)             (\language72) on input line 105.
Package babel Info: \l@newzealand = using hyphenrules for ukenglish
(babel)             (\language72) on input line 108.
)) (C:\Users\alon4\AppData\Roaming\MiKTeX\2.9\tex/latex/fancyhdr\fancyhdr.sty
Package: fancyhdr 2019/01/31 v3.10 Extensive control of page headers and footers
\f@nch@headwidth=\skip59
\f@nch@O@elh=\skip60
\f@nch@O@erh=\skip61
\f@nch@O@olh=\skip62
\f@nch@O@orh=\skip63
\f@nch@O@elf=\skip64
\f@nch@O@erf=\skip65
\f@nch@O@olf=\skip66
\f@nch@O@orf=\skip67
) ("C:\Program Files\MiKTeX 2.9\tex/latex/l3backend\l3backend-pdfmode.def"
File: l3backend-pdfmode.def 2020-03-12 L3 backend support: PDF mode
\l__kernel_color_stack_int=\count280
\l__pdf_internal_box=\box64
) (Report.aux)
\openout1 = `Report.aux'.

LaTeX Font Info:    Checking defaults for OML/cmm/m/it on input line 51.
LaTeX Font Info:    ... okay on input line 51.
LaTeX Font Info:    Checking defaults for OMS/cmsy/m/n on input line 51.
LaTeX Font Info:    ... okay on input line 51.
LaTeX Font Info:    Checking defaults for OT1/cmr/m/n on input line 51.
LaTeX Font Info:    ... okay on input line 51.
LaTeX Font Info:    Checking defaults for T1/cmr/m/n on input line 51.
LaTeX Font Info:    ... okay on input line 51.
LaTeX Font Info:    Checking defaults for TS1/cmr/m/n on input line 51.
LaTeX Font Info:    ... okay on input line 51.
LaTeX Font Info:    Checking defaults for OMX/cmex/m/n on input line 51.
LaTeX Font Info:    ... okay on input line 51.
LaTeX Font Info:    Checking defaults for U/cmr/m/n on input line 51.
LaTeX Font Info:    ... okay on input line 51.
LaTeX Font Info:    Checking defaults for FML/futm/m/it on input line 51.
LaTeX Font Info:    Trying to load font information for FML+futm on input line 51.
 (C:\Users\alon4\AppData\Roaming\MiKTeX\2.9\tex/latex/fourier\fmlfutm.fd
File: fmlfutm.fd 2004/10/30 Fontinst v1.926 font definitions for FML/futm.
)
LaTeX Font Info:    ... okay on input line 51.
LaTeX Font Info:    Checking defaults for FMS/futm/m/n on input line 51.
LaTeX Font Info:    Trying to load font information for FMS+futm on input line 51.
 (C:\Users\alon4\AppData\Roaming\MiKTeX\2.9\tex/latex/fourier\fmsfutm.fd
File: fmsfutm.fd 2004/10/30 Fontinst v1.926 font definitions for FMS/futm.
)
LaTeX Font Info:    ... okay on input line 51.
LaTeX Font Info:    Checking defaults for FMX/futm/m/n on input line 51.
LaTeX Font Info:    Trying to load font information for FMX+futm on input line 51.
 (C:\Users\alon4\AppData\Roaming\MiKTeX\2.9\tex/latex/fourier\fmxfutm.fd
File: fmxfutm.fd futm-extension
)
LaTeX Font Info:    ... okay on input line 51.
 ("C:\Program Files\MiKTeX 2.9\tex/context/base/mkii\supp-pdf.mkii"
[Loading MPS to PDF converter (version 2006.09.02).]
\scratchcounter=\count281
\scratchdimen=\dimen256
\scratchbox=\box65
\nofMPsegments=\count282
\nofMParguments=\count283
\everyMPshowfont=\toks43
\MPscratchCnt=\count284
\MPscratchDim=\dimen257
\MPnumerator=\count285
\makeMPintoPDFobject=\count286
\everyMPtoPDFconversion=\toks44
) ("C:\Program Files\MiKTeX 2.9\tex/latex/epstopdf-pkg\epstopdf-base.sty"
Package: epstopdf-base 2020-01-24 v2.11 Base part for package epstopdf
Package epstopdf-base Info: Redefining graphics rule for `.eps' on input line 485.
)
LaTeX Font Info:    Redeclaring math accent \widehat on input line 51.
LaTeX Font Info:    Redeclaring math accent \widetilde on input line 51.
 ABD: EveryShipout initializing macros
LaTeX Font Info:    Trying to load font information for FML+futmi on input line 66.
 (C:\Users\alon4\AppData\Roaming\MiKTeX\2.9\tex/latex/fourier\fmlfutmi.fd
File: fmlfutmi.fd 2004/10/30 Fontinst v1.926 font definitions for FML/futmi.
)
LaTeX Font Info:    Font shape `FMX/futm/m/n' will be
(Font)              scaled to size 11.03998pt on input line 66.
LaTeX Font Info:    Font shape `FMX/futm/m/n' will be
(Font)              scaled to size 8.27998pt on input line 66.
LaTeX Font Info:    Font shape `FMX/futm/m/n' will be
(Font)              scaled to size 6.43999pt on input line 66.
LaTeX Font Info:    Trying to load font information for U+msa on input line 66.
 ("C:\Program Files\MiKTeX 2.9\tex/latex/amsfonts\umsa.fd"
File: umsa.fd 2013/01/14 v3.01 AMS symbols A
)
LaTeX Font Info:    Trying to load font information for U+msb on input line 66.
 ("C:\Program Files\MiKTeX 2.9\tex/latex/amsfonts\umsb.fd"
File: umsb.fd 2013/01/14 v3.01 AMS symbols B
)
LaTeX Font Info:    Font shape `U/futm/m/n' will be
(Font)              scaled to size 11.03998pt on input line 66.
LaTeX Font Info:    Font shape `U/futm/m/n' will be
(Font)              scaled to size 8.27998pt on input line 66.
LaTeX Font Info:    Font shape `U/futm/m/n' will be
(Font)              scaled to size 6.43999pt on input line 66.
LaTeX Font Info:    Font shape `FMX/futm/m/n' will be
(Font)              scaled to size 9.19998pt on input line 72.
LaTeX Font Info:    Font shape `FMX/futm/m/n' will be
(Font)              scaled to size 6.99199pt on input line 72.
LaTeX Font Info:    Font shape `FMX/futm/m/n' will be
(Font)              scaled to size 5.51999pt on input line 72.
LaTeX Font Info:    Font shape `U/futm/m/n' will be
(Font)              scaled to size 9.19998pt on input line 72.
LaTeX Font Info:    Font shape `U/futm/m/n' will be
(Font)              scaled to size 6.99199pt on input line 72.
LaTeX Font Info:    Font shape `U/futm/m/n' will be
(Font)              scaled to size 5.51999pt on input line 72.
<Images/Hysteresis Loop.jpg, id=4, 237.13594pt x 191.9672pt>
File: Images/Hysteresis Loop.jpg Graphic file (type jpg)
<use Images/Hysteresis Loop.jpg>
Package pdftex.def Info: Images/Hysteresis Loop.jpg  used on input line 103.
(pdftex.def)             Requested size: 237.13535pt x 191.96672pt.

Overfull \hbox (7.63535pt too wide) in paragraph at lines 103--103
[][] 
 []

<Images/logo.png, id=5, 345.29pt x 146.5475pt>
File: Images/logo.png Graphic file (type png)
<use Images/logo.png>
Package pdftex.def Info: Images/logo.png  used on input line 118.
(pdftex.def)             Requested size: 85.35826pt x 36.22755pt.
[1{C:/Users/alon4/AppData/Local/MiKTeX/2.9/pdftex/config/pdftex.map}


 <./Images/logo.png> <./Images/Hysteresis Loop.jpg>]
Underfull \hbox (badness 5431) in paragraph at lines 161--161
[]\T1/futs/b/n/12 Pauli's Ex-clu-sion Prin-ci-ple & Larger
 []


Underfull \hbox (badness 1043) in paragraph at lines 192--199
\T1/futs/m/n/10 When there is more than one elec-tron sur-round-ing
 []

File: Images/logo.png Graphic file (type png)
<use Images/logo.png>
Package pdftex.def Info: Images/logo.png  used on input line 199.
(pdftex.def)             Requested size: 85.35826pt x 36.22755pt.
[2]
Underfull \hbox (badness 4699) in paragraph at lines 216--216
[]\T1/futs/b/n/12 Collective Elec-tron The-ory of Fer-ro-
 []

<Images/Magnetostatic.jpg, id=20, 300.3722pt x 151.3153pt>
File: Images/Magnetostatic.jpg Graphic file (type jpg)
<use Images/Magnetostatic.jpg>
Package pdftex.def Info: Images/Magnetostatic.jpg  used on input line 259.
(pdftex.def)             Requested size: 225.27858pt x 113.48619pt.

Underfull \vbox (badness 10000) has occurred while \output is active []

File: Images/logo.png Graphic file (type png)
<use Images/logo.png>
Package pdftex.def Info: Images/logo.png  used on input line 264.
(pdftex.def)             Requested size: 85.35826pt x 36.22755pt.
 [3]
Underfull \hbox (badness 1789) in paragraph at lines 269--284
\T1/futs/m/n/10 align along cer-tain pre-ferred crys-tal-lo-graphic di-rec-
 []

<Images/HallEffectnomagnet.png, id=24, 919.18407pt x 488.57532pt>
File: Images/HallEffectnomagnet.png Graphic file (type png)
<use Images/HallEffectnomagnet.png>
Package pdftex.def Info: Images/HallEffectnomagnet.png  used on input line 310.
(pdftex.def)             Requested size: 229.79546pt x 122.14352pt.
<Images/HallEffectwithmagnet.png, id=26, 919.18407pt x 488.57532pt>
File: Images/HallEffectwithmagnet.png Graphic file (type png)
<use Images/HallEffectwithmagnet.png>
Package pdftex.def Info: Images/HallEffectwithmagnet.png  used on input line 326.
(pdftex.def)             Requested size: 229.79546pt x 122.14352pt.
File: Images/logo.png Graphic file (type png)
<use Images/logo.png>
Package pdftex.def Info: Images/logo.png  used on input line 330.
(pdftex.def)             Requested size: 85.35826pt x 36.22755pt.
[4 <./Images/Magnetostatic.jpg> <./Images/HallEffectnomagnet.png>]
File: Images/logo.png Graphic file (type png)
<use Images/logo.png>
Package pdftex.def Info: Images/logo.png  used on input line 364.
(pdftex.def)             Requested size: 85.35826pt x 36.22755pt.
 [5 <./Images/HallEffectwithmagnet.png>]
<Images/AHEExplained.jpg, id=34, 161.85469pt x 240.14719pt>
File: Images/AHEExplained.jpg Graphic file (type jpg)
<use Images/AHEExplained.jpg>
Package pdftex.def Info: Images/AHEExplained.jpg  used on input line 378.
(pdftex.def)             Requested size: 161.85428pt x 240.14658pt.
File: Images/logo.png Graphic file (type png)
<use Images/logo.png>
Package pdftex.def Info: Images/logo.png  used on input line 429.
(pdftex.def)             Requested size: 85.35826pt x 36.22755pt.
 [6 <./Images/AHEExplained.jpg>]
<Images/AMR Schematic.png, id=38, 624.53325pt x 293.898pt>
File: Images/AMR Schematic.png Graphic file (type png)
<use Images/AMR Schematic.png>
Package pdftex.def Info: Images/AMR Schematic.png  used on input line 431.
(pdftex.def)             Requested size: 218.5899pt x 102.86583pt.
<Images/AMR Graph.png, id=39, 370.38374pt x 356.532pt>
File: Images/AMR Graph.png Graphic file (type png)
<use Images/AMR Graph.png>
Package pdftex.def Info: Images/AMR Graph.png  used on input line 441.
(pdftex.def)             Requested size: 185.1914pt x 178.26555pt.

Overfull \hbox (1.8724pt too wide) detected at line 493
 []$[] []$ []  
 []

<Images/NickelandtheChip.jpg, id=40, 137.7647pt x 94.10156pt>
File: Images/NickelandtheChip.jpg Graphic file (type jpg)
<use Images/NickelandtheChip.jpg>
Package pdftex.def Info: Images/NickelandtheChip.jpg  used on input line 508.
(pdftex.def)             Requested size: 137.76434pt x 94.10132pt.
File: Images/logo.png Graphic file (type png)
<use Images/logo.png>
Package pdftex.def Info: Images/logo.png  used on input line 511.
(pdftex.def)             Requested size: 85.35826pt x 36.22755pt.
[7 <./Images/AMR Schematic.png> <./Images/AMR Graph.png>]
<Images/ExperimentalSystem-ElectroMagnet.jpg, id=48, 693.34032pt x 493.0922pt>
File: Images/ExperimentalSystem-ElectroMagnet.jpg Graphic file (type jpg)
<use Images/ExperimentalSystem-ElectroMagnet.jpg>
Package pdftex.def Info: Images/ExperimentalSystem-ElectroMagnet.jpg  used on input line 516.
(pdftex.def)             Requested size: 173.33466pt x 123.27274pt.

Underfull \hbox (badness 1127) in paragraph at lines 529--539
\T1/futs/m/n/10 In this part of the ex-per-i-ment we are in-ter-ested in
 []

File: Images/logo.png Graphic file (type png)
<use Images/logo.png>
Package pdftex.def Info: Images/logo.png  used on input line 563.
(pdftex.def)             Requested size: 85.35826pt x 36.22755pt.
[8 <./Images/NickelandtheChip.jpg> <./Images/ExperimentalSystem-ElectroMagnet.jpg>]
<Images/AHElinearfits.png, id=52, 387.4475pt x 263.98625pt>
File: Images/AHElinearfits.png Graphic file (type png)
<use Images/AHElinearfits.png>
Package pdftex.def Info: Images/AHElinearfits.png  used on input line 593.
(pdftex.def)             Requested size: 232.47029pt x 158.39296pt.

Overfull \hbox (2.97029pt too wide) in paragraph at lines 593--594
[][] 
 []


Underfull \vbox (badness 10000) has occurred while \output is active []

File: Images/logo.png Graphic file (type png)
<use Images/logo.png>
Package pdftex.def Info: Images/logo.png  used on input line 628.
(pdftex.def)             Requested size: 85.35826pt x 36.22755pt.
 [9 <./Images/AHElinearfits.png>]
<Measurements/PHE/Rxx_Plot.png, id=58, 867.24pt x 578.16pt>
File: Measurements/PHE/Rxx_Plot.png Graphic file (type png)
<use Measurements/PHE/Rxx_Plot.png>
Package pdftex.def Info: Measurements/PHE/Rxx_Plot.png  used on input line 656.
(pdftex.def)             Requested size: 216.80946pt x 144.53964pt.
<Measurements/PHE/Rxx_Res.png, id=59, 867.24pt x 578.16pt>
File: Measurements/PHE/Rxx_Res.png Graphic file (type png)
<use Measurements/PHE/Rxx_Res.png>
Package pdftex.def Info: Measurements/PHE/Rxx_Res.png  used on input line 693.
(pdftex.def)             Requested size: 216.80946pt x 144.53964pt.
<Measurements/PHE/Rxy_Plot.png, id=60, 867.24pt x 578.16pt>
File: Measurements/PHE/Rxy_Plot.png Graphic file (type png)
<use Measurements/PHE/Rxy_Plot.png>
Package pdftex.def Info: Measurements/PHE/Rxy_Plot.png  used on input line 699.
(pdftex.def)             Requested size: 216.80946pt x 144.53964pt.
File: Images/logo.png Graphic file (type png)
<use Images/logo.png>
Package pdftex.def Info: Images/logo.png  used on input line 702.
(pdftex.def)             Requested size: 85.35826pt x 36.22755pt.
 [10 <./Measurements/PHE/Rxx_Plot.png> <./Measurements/PHE/Rxx_Res.png>]
<Measurements/PHE/Rxy_Res.png, id=66, 867.24pt x 578.16pt>
File: Measurements/PHE/Rxy_Res.png Graphic file (type png)
<use Measurements/PHE/Rxy_Res.png>
Package pdftex.def Info: Measurements/PHE/Rxy_Res.png  used on input line 728.
(pdftex.def)             Requested size: 216.80946pt x 144.53964pt.

Underfull \vbox (badness 10000) has occurred while \output is active []

File: Images/logo.png Graphic file (type png)
<use Images/logo.png>
Package pdftex.def Info: Images/logo.png  used on input line 760.
(pdftex.def)             Requested size: 85.35826pt x 36.22755pt.
 [11 <./Measurements/PHE/Rxy_Plot.png> <./Measurements/PHE/Rxy_Res.png>]
Underfull \hbox (badness 1248) in paragraph at lines 761--768
\T1/futs/m/n/10 ($\FML/futmi/m/it/10 []$\T1/futs/m/n/10 ), each cor-re-spond-ing to its re-spec-tive mea-sure-
 []

<Measurements/AMR/PerpendicularResistance.png, id=72, 1011.78pt x 505.89pt>
File: Measurements/AMR/PerpendicularResistance.png Graphic file (type png)
<use Measurements/AMR/PerpendicularResistance.png>
Package pdftex.def Info: Measurements/AMR/PerpendicularResistance.png  used on input line 770.
(pdftex.def)             Requested size: 252.94438pt x 126.47218pt.

Overfull \hbox (23.44438pt too wide) in paragraph at lines 770--771
[][] 
 []

<Measurements/AMR/TransverseResistance.png, id=73, 1011.78pt x 505.89pt>
File: Measurements/AMR/TransverseResistance.png Graphic file (type png)
<use Measurements/AMR/TransverseResistance.png>
Package pdftex.def Info: Measurements/AMR/TransverseResistance.png  used on input line 777.
(pdftex.def)             Requested size: 252.94438pt x 126.47218pt.

Overfull \hbox (23.44438pt too wide) in paragraph at lines 777--778
[][] 
 []

<Measurements/AMR/ParallelResistance.png, id=74, 1011.78pt x 505.89pt>
File: Measurements/AMR/ParallelResistance.png Graphic file (type png)
<use Measurements/AMR/ParallelResistance.png>
Package pdftex.def Info: Measurements/AMR/ParallelResistance.png  used on input line 784.
(pdftex.def)             Requested size: 252.94438pt x 126.47218pt.

Overfull \hbox (23.44438pt too wide) in paragraph at lines 784--785
[][] 
 []


Underfull \vbox (badness 10000) has occurred while \output is active []

<Measurements/Graphs/Field Flactuations.png, id=75, 1445.4pt x 722.7pt>
File: Measurements/Graphs/Field Flactuations.png Graphic file (type png)
<use Measurements/Graphs/Field Flactuations.png>
Package pdftex.def Info: Measurements/Graphs/Field Flactuations.png  used on input line 848.
(pdftex.def)             Requested size: 229.5pt x 114.74113pt.
File: Images/logo.png Graphic file (type png)
<use Images/logo.png>
Package pdftex.def Info: Images/logo.png  used on input line 852.
(pdftex.def)             Requested size: 85.35826pt x 36.22755pt.
 [12 <./Measurements/AMR/PerpendicularResistance.png> <./Measurements/AMR/TransverseResistance.png> <./Measurements/AMR/ParallelResistance.png>]
<Measurements/Graphs/AMR-PerpVsTime.png, id=82, 1011.78pt x 505.89pt>
File: Measurements/Graphs/AMR-PerpVsTime.png Graphic file (type png)
<use Measurements/Graphs/AMR-PerpVsTime.png>
Package pdftex.def Info: Measurements/Graphs/AMR-PerpVsTime.png  used on input line 897.
(pdftex.def)             Requested size: 232.7045pt x 116.35225pt.

Overfull \hbox (3.2045pt too wide) in paragraph at lines 897--898
[][] 
 []


Underfull \vbox (badness 10000) has occurred while \output is active []

File: Images/logo.png Graphic file (type png)
<use Images/logo.png>
Package pdftex.def Info: Images/logo.png  used on input line 901.
(pdftex.def)             Requested size: 85.35826pt x 36.22755pt.
 [13 <./Measurements/Graphs/Field Flactuations.png>]
Underfull \hbox (badness 1097) in paragraph at lines 902--926
\T1/futs/m/n/10 za-tion along that axis is found. Our es-ti-mates are
 []


Underfull \vbox (badness 10000) has occurred while \output is active []

 (Report.bbl
Underfull \hbox (badness 1033) in paragraph at lines 13--16
\T1/futs/m/it/10 Prin-ci-ples and Ap-pli-ca-tions\T1/futs/m/n/10 .  JOHN WBkEY and
 []

File: Images/logo.png Graphic file (type png)
<use Images/logo.png>
Package pdftex.def Info: Images/logo.png  used on input line 39.
(pdftex.def)             Requested size: 85.35826pt x 36.22755pt.
[14 <./Measurements/Graphs/AMR-PerpVsTime.png>])
File: Images/logo.png Graphic file (type png)
<use Images/logo.png>
Package pdftex.def Info: Images/logo.png  used on input line 953.
(pdftex.def)             Requested size: 85.35826pt x 36.22755pt.
 [15

] (Report.aux)

LaTeX Font Warning: Size substitutions with differences
(Font)              up to 0.43996pt have occurred.

 ) 
Here is how much of TeX's memory you used:
 15568 strings out of 481008
 292247 string characters out of 2910641
 519158 words of memory out of 3000000
 30928 multiletter control sequences out of 15000+200000
 670391 words of font info for 172 fonts, out of 3000000 for 9000
 1141 hyphenation exceptions out of 8191
 68i,14n,64p,546b,1301s stack positions out of 5000i,500n,10000p,200000b,50000s
{C:/Program Files/MiKTeX 2.9/fonts/enc/dvips/base/8r.enc}<C:/Users/alon4/AppData/Roaming/MiKTeX/2.9/fonts/type1/public/fourier/fourier-mex.pfb><C:/Users/alon4/AppData/Roaming/MiKTeX/2.9/fonts/type1/public/fourier/fourier-ml.pfb><C:/Users/alon4/AppData/Roaming/MiKTeX/2.9/fonts/type1/public/fourier/fourier-mlit.pfb><C:/Users/alon4/AppData/Roaming/MiKTeX/2.9/fonts/type1/public/fourier/fourier-ms.pfb><C:/Users/alon4/AppData/Roaming/MiKTeX/2.9/fonts/type1/adobe/utopia/putb8a.pfb><C:/Users/alon4/AppData/Roaming/MiKTeX/2.9/fonts/type1/adobe/utopia/putbi8a.pfb><C:/Users/alon4/AppData/Roaming/MiKTeX/2.9/fonts/type1/adobe/utopia/putr8a.pfb><C:/Users/alon4/AppData/Roaming/MiKTeX/2.9/fonts/type1/adobe/utopia/putri8a.pfb>
Output written on Report.pdf (15 pages, 791399 bytes).
PDF statistics:
 122 PDF objects out of 1000 (max. 8388607)
 0 named destinations out of 1000 (max. 500000)
 113 words of extra memory for PDF output out of 10000 (max. 10000000)

